  [4;36;1mSQL (0.1ms)[0m   [0;1mSET NAMES 'utf8'[0m
  [4;35;1mSQL (0.1ms)[0m   [0mSET SQL_AUTO_IS_NULL=0[0m
  [4;36;1mSQL (0.3ms)[0m   [0;1mSHOW TABLES[0m
  [4;35;1mSQL (0.2ms)[0m   [0mSHOW TABLES[0m
  [4;36;1mSQL (0.1ms)[0m   [0;1mSET NAMES 'utf8'[0m
  [4;35;1mSQL (0.1ms)[0m   [0mSET SQL_AUTO_IS_NULL=0[0m
  [4;36;1mSQL (0.3ms)[0m   [0;1mSHOW TABLES[0m
  [4;35;1mSQL (53.7ms)[0m   [0mCREATE TABLE `schema_migrations` (`version` varchar(255) NOT NULL) ENGINE=InnoDB[0m
  [4;36;1mSQL (4.5ms)[0m   [0;1mCREATE UNIQUE INDEX `unique_schema_migrations` ON `schema_migrations` (`version`)[0m
  [4;35;1mSQL (0.3ms)[0m   [0mSHOW TABLES[0m
  [4;36;1mSQL (0.3ms)[0m   [0;1mSELECT version FROM schema_migrations[0m
Migrating to CreatePosts (20090703134530)
  [4;35;1mSQL (2.1ms)[0m   [0mCREATE TABLE `posts` (`id` int(11) DEFAULT NULL auto_increment PRIMARY KEY, `title` varchar(255), `date` datetime, `body` text, `created_at` datetime, `updated_at` datetime) ENGINE=InnoDB[0m
  [4;36;1mSQL (0.6ms)[0m   [0;1mINSERT INTO schema_migrations (version) VALUES ('20090703134530')[0m
Migrating to CreateParticipants (20090703134606)
  [4;35;1mSQL (1.8ms)[0m   [0mCREATE TABLE `participants` (`id` int(11) DEFAULT NULL auto_increment PRIMARY KEY, `name` varchar(255), `bio` text, `title_photo_small` varchar(255), `title_photo_big` varchar(255), `created_at` datetime, `updated_at` datetime) ENGINE=InnoDB[0m
  [4;36;1mSQL (0.7ms)[0m   [0;1mINSERT INTO schema_migrations (version) VALUES ('20090703134606')[0m
Migrating to CreateReviews (20090703134628)
  [4;35;1mSQL (1.6ms)[0m   [0mCREATE TABLE `reviews` (`id` int(11) DEFAULT NULL auto_increment PRIMARY KEY, `title` varchar(255), `date` datetime, `author` varchar(255), `body` text, `created_at` datetime, `updated_at` datetime) ENGINE=InnoDB[0m
  [4;36;1mSQL (0.5ms)[0m   [0;1mINSERT INTO schema_migrations (version) VALUES ('20090703134628')[0m
Migrating to CreateLyrics (20090703134650)
  [4;35;1mSQL (1.8ms)[0m   [0mCREATE TABLE `lyrics` (`id` int(11) DEFAULT NULL auto_increment PRIMARY KEY, `title` varchar(255), `text_song` text, `created_at` datetime, `updated_at` datetime) ENGINE=InnoDB[0m
  [4;36;1mSQL (0.5ms)[0m   [0;1mINSERT INTO schema_migrations (version) VALUES ('20090703134650')[0m
Migrating to CreateAlbums (20090703141150)
  [4;35;1mSQL (40.5ms)[0m   [0mCREATE TABLE `albums` (`id` int(11) DEFAULT NULL auto_increment PRIMARY KEY, `title` varchar(255), `created_at` datetime, `updated_at` datetime) ENGINE=InnoDB[0m
  [4;36;1mSQL (0.8ms)[0m   [0;1mINSERT INTO schema_migrations (version) VALUES ('20090703141150')[0m
  [4;35;1mSQL (0.4ms)[0m   [0mSHOW TABLES[0m
  [4;36;1mSQL (0.2ms)[0m   [0;1mSELECT version FROM schema_migrations[0m
  [4;35;1mSQL (0.3ms)[0m   [0mSHOW TABLES[0m
  [4;36;1mSQL (1.6ms)[0m   [0;1mSHOW FIELDS FROM `albums`[0m
  [4;35;1mSQL (2.4ms)[0m   [0mdescribe `albums`[0m
  [4;36;1mSQL (0.4ms)[0m   [0;1mSHOW KEYS FROM `albums`[0m
  [4;35;1mSQL (27.0ms)[0m   [0mSHOW FIELDS FROM `lyrics`[0m
  [4;36;1mSQL (1.4ms)[0m   [0;1mdescribe `lyrics`[0m
  [4;35;1mSQL (0.4ms)[0m   [0mSHOW KEYS FROM `lyrics`[0m
  [4;36;1mSQL (1.3ms)[0m   [0;1mSHOW FIELDS FROM `participants`[0m
  [4;35;1mSQL (1.7ms)[0m   [0mdescribe `participants`[0m
  [4;36;1mSQL (0.3ms)[0m   [0;1mSHOW KEYS FROM `participants`[0m
  [4;35;1mSQL (1.7ms)[0m   [0mSHOW FIELDS FROM `posts`[0m
  [4;36;1mSQL (1.9ms)[0m   [0;1mdescribe `posts`[0m
  [4;35;1mSQL (0.8ms)[0m   [0mSHOW KEYS FROM `posts`[0m
  [4;36;1mSQL (1.7ms)[0m   [0;1mSHOW FIELDS FROM `reviews`[0m
  [4;35;1mSQL (1.7ms)[0m   [0mdescribe `reviews`[0m
  [4;36;1mSQL (0.6ms)[0m   [0;1mSHOW KEYS FROM `reviews`[0m
  [4;36;1mSQL (0.1ms)[0m   [0;1mSET NAMES 'utf8'[0m
  [4;35;1mSQL (0.1ms)[0m   [0mSET SQL_AUTO_IS_NULL=0[0m
  [4;36;1mSQL (0.4ms)[0m   [0;1mSHOW TABLES[0m
  [4;35;1mSQL (0.2ms)[0m   [0mSELECT version FROM schema_migrations[0m
  [4;36;1mSQL (0.3ms)[0m   [0;1mSHOW TABLES[0m
  [4;35;1mSQL (1.3ms)[0m   [0mSHOW FIELDS FROM `albums`[0m
  [4;36;1mSQL (1.7ms)[0m   [0;1mdescribe `albums`[0m
  [4;35;1mSQL (0.9ms)[0m   [0mSHOW KEYS FROM `albums`[0m
  [4;36;1mSQL (1.3ms)[0m   [0;1mSHOW FIELDS FROM `lyrics`[0m
  [4;35;1mSQL (1.8ms)[0m   [0mdescribe `lyrics`[0m
  [4;36;1mSQL (0.7ms)[0m   [0;1mSHOW KEYS FROM `lyrics`[0m
  [4;35;1mSQL (1.5ms)[0m   [0mSHOW FIELDS FROM `participants`[0m
  [4;36;1mSQL (1.8ms)[0m   [0;1mdescribe `participants`[0m
  [4;35;1mSQL (0.6ms)[0m   [0mSHOW KEYS FROM `participants`[0m
  [4;36;1mSQL (1.4ms)[0m   [0;1mSHOW FIELDS FROM `posts`[0m
  [4;35;1mSQL (2.0ms)[0m   [0mdescribe `posts`[0m
  [4;36;1mSQL (0.3ms)[0m   [0;1mSHOW KEYS FROM `posts`[0m
  [4;35;1mSQL (1.3ms)[0m   [0mSHOW FIELDS FROM `reviews`[0m
  [4;36;1mSQL (1.8ms)[0m   [0;1mdescribe `reviews`[0m
  [4;35;1mSQL (0.3ms)[0m   [0mSHOW KEYS FROM `reviews`[0m
  [4;36;1mSQL (0.1ms)[0m   [0;1mSET NAMES 'utf8'[0m
  [4;35;1mSQL (0.1ms)[0m   [0mSET SQL_AUTO_IS_NULL=0[0m
  [4;36;1mSQL (0.4ms)[0m   [0;1mDROP DATABASE IF EXISTS `jackhoward_test`[0m
  [4;35;1mSQL (20.1ms)[0m   [0mCREATE DATABASE `jackhoward_test` DEFAULT CHARACTER SET `utf8`[0m
  [4;36;1mSQL (0.1ms)[0m   [0;1mSET NAMES 'utf8'[0m
  [4;35;1mSQL (0.1ms)[0m   [0mSET SQL_AUTO_IS_NULL=0[0m
  [4;36;1mSQL (0.3ms)[0m   [0;1mSHOW TABLES[0m
  [4;35;1mSQL (19.4ms)[0m   [0mCREATE TABLE `albums` (`id` int(11) DEFAULT NULL auto_increment PRIMARY KEY, `title` varchar(255), `created_at` datetime, `updated_at` datetime) ENGINE=InnoDB[0m
  [4;36;1mSQL (0.3ms)[0m   [0;1mSHOW TABLES[0m
  [4;35;1mSQL (1.8ms)[0m   [0mCREATE TABLE `lyrics` (`id` int(11) DEFAULT NULL auto_increment PRIMARY KEY, `title` varchar(255), `text_song` text, `created_at` datetime, `updated_at` datetime) ENGINE=InnoDB[0m
  [4;36;1mSQL (0.3ms)[0m   [0;1mSHOW TABLES[0m
  [4;35;1mSQL (43.0ms)[0m   [0mCREATE TABLE `participants` (`id` int(11) DEFAULT NULL auto_increment PRIMARY KEY, `name` varchar(255), `bio` text, `title_photo_small` varchar(255), `title_photo_big` varchar(255), `created_at` datetime, `updated_at` datetime) ENGINE=InnoDB[0m
  [4;36;1mSQL (0.3ms)[0m   [0;1mSHOW TABLES[0m
  [4;35;1mSQL (1.7ms)[0m   [0mCREATE TABLE `posts` (`id` int(11) DEFAULT NULL auto_increment PRIMARY KEY, `title` varchar(255), `date` datetime, `body` text, `created_at` datetime, `updated_at` datetime) ENGINE=InnoDB[0m
  [4;36;1mSQL (0.3ms)[0m   [0;1mSHOW TABLES[0m
  [4;35;1mSQL (2.1ms)[0m   [0mCREATE TABLE `reviews` (`id` int(11) DEFAULT NULL auto_increment PRIMARY KEY, `title` varchar(255), `date` datetime, `author` varchar(255), `body` text, `created_at` datetime, `updated_at` datetime) ENGINE=InnoDB[0m
  [4;36;1mSQL (0.3ms)[0m   [0;1mSHOW TABLES[0m
  [4;35;1mSQL (1.5ms)[0m   [0mCREATE TABLE `schema_migrations` (`version` varchar(255) NOT NULL) ENGINE=InnoDB[0m
  [4;36;1mSQL (4.9ms)[0m   [0;1mCREATE UNIQUE INDEX `unique_schema_migrations` ON `schema_migrations` (`version`)[0m
  [4;35;1mSQL (0.4ms)[0m   [0mSHOW TABLES[0m
  [4;36;1mSQL (1.2ms)[0m   [0;1mSELECT version FROM `schema_migrations`[0m
  [4;35;1mSQL (0.5ms)[0m   [0mINSERT INTO `schema_migrations` (version) VALUES ('20090703141150')[0m
  [4;36;1mSQL (0.4ms)[0m   [0;1mINSERT INTO `schema_migrations` (version) VALUES ('20090703134530')[0m
  [4;35;1mSQL (0.4ms)[0m   [0mINSERT INTO `schema_migrations` (version) VALUES ('20090703134606')[0m
  [4;36;1mSQL (0.4ms)[0m   [0;1mINSERT INTO `schema_migrations` (version) VALUES ('20090703134628')[0m
  [4;35;1mSQL (0.6ms)[0m   [0mINSERT INTO `schema_migrations` (version) VALUES ('20090703134650')[0m
